Environment variables:
  - =::=::\
  - =C:=C:\Users\Andres\Documents\Hackathon\2019\idea_la-user
  - =D:=D:\
  - =E:=E:\
  - ALLUSERSPROFILE=C:\ProgramData
  - ANDROID_HOME=C:\Users\Andres\AppData\Local\Temp
  - APPDATA=C:\Users\Andres\AppData\Roaming
  - CLASSPATH=.;
  - COMPUTERNAME=ACT
  - ChocolateyInstall=C:\ProgramData\chocolatey
  - ChocolateyLastPathUpdate=131996813301470369
  - ComSpec=C:\WINDOWS\system32\cmd.exe
  - CommonProgramFiles=C:\Program Files\Common Files
  - CommonProgramFiles(x86)=C:\Program Files (x86)\Common Files
  - CommonProgramW6432=C:\Program Files\Common Files
  - DokanLibrary1=C:\Program Files\Dokan\Dokan Library-1.1.0\
  - DokanLibrary1_LibraryPath_x64=C:\Program Files\Dokan\Dokan Library-1.1.0\lib\
  - DokanLibrary1_LibraryPath_x86=C:\Program Files\Dokan\Dokan Library-1.1.0\x86\lib\
  - DriverData=C:\Windows\System32\Drivers\DriverData
  - ERROR_CODE=0
  - ESET_OPTIONS=                                                                                                                                                                                                                                                                                                                                                                                                                                                                                                                               
  - FPS_BROWSER_APP_PROFILE_STRING=Internet Explorer
  - FPS_BROWSER_USER_PROFILE_STRING=Default
  - HOMEDRIVE=C:
  - HOMEPATH=\Users\Andres
  - JAVA_EXEC="C:\Users\Andres\Documents\Nativapps\sonar-scanner-3.3.0.1492-windows\bin\..\jre\bin\java.exe"
  - JAVA_HOME=C:\Users\Andres\Documents\Nativapps\sonar-scanner-3.3.0.1492-windows\bin\..\jre
  - LOCALAPPDATA=C:\Users\Andres\AppData\Local
  - LOGONSERVER=\\ACT
  - NUMBER_OF_PROCESSORS=4
  - OS=Windows_NT
  - OneDrive=C:\Users\Andres\OneDrive
  - OneDriveConsumer=C:\Users\Andres\OneDrive
  - PATHEXT=.COM;.EXE;.BAT;.CMD;.VBS;.VBE;.JS;.JSE;.WSF;.WSH;.MSC;.CPL
  - PROCESSOR_ARCHITECTURE=AMD64
  - PROCESSOR_IDENTIFIER=Intel64 Family 6 Model 61 Stepping 4, GenuineIntel
  - PROCESSOR_LEVEL=6
  - PROCESSOR_REVISION=3d04
  - PROJECT_HOME=C:\Users\Andres\Documents\Hackathon\2019\idea_la-user
  - PROMPT=$P$G
  - PSModulePath=C:\Users\Andres\Documents\WindowsPowerShell\Modules;C:\Program Files\WindowsPowerShell\Modules;C:\WINDOWS\system32\WindowsPowerShell\v1.0\Modules
  - PT6HOME=C:\Program Files (x86)\Cisco Packet Tracer 6.2iv
  - PUBLIC=C:\Users\Public
  - Path=C:\Program Files (x86)\Common Files\Oracle\Java\javapath;C:\Python27\;C:\Python27\Scripts;C:\WINDOWS\system32;C:\WINDOWS;C:\WINDOWS\System32\Wbem;C:\WINDOWS\System32\WindowsPowerShell\v1.0\;C:\WINDOWS\System32\OpenSSH\;C:\ProgramData\chocolatey\bin;C:\Program Files\nodejs\;C:\Program Files\Java\jdk1.8.0_201\bin;C:\Users\Andres\AppData\Local\Temp\platform-tools;C:\Program Files\Java\jdk1.8.0_201\jre\bin;C:\Users\Andres\AppData\Local\Microsoft\WindowsApps;C:\Users\Andres\AppData\Local\Programs\Microsoft VS Code\bin;C:\Users\Andres\AppData\Roaming\npm;C:\Users\Andres\AppData\Local\Temp\tools;C:\adb;C:\Program Files\dotnet\;C:\Users\Andres\Documents\Nativapps\sonar-scanner-3.3.0.1492-windows\bin;C:\Users\Andres\AppData\Local\Microsoft\WindowsApps;C:\Users\Andres\AppData\Local\Programs\Microsoft VS Code\bin;C:\Users\Andres\AppData\Roaming\npm;C:\Users\Andres\AppData\Local\Temp\platform-tools;C:\Users\Andres\AppData\Local\Temp\tools;
  - ProgramData=C:\ProgramData
  - ProgramFiles=C:\Program Files
  - ProgramFiles(x86)=C:\Program Files (x86)
  - ProgramW6432=C:\Program Files
  - SESSIONNAME=Console
  - SONAR_SCANNER_HOME=C:\Users\Andres\Documents\Nativapps\sonar-scanner-3.3.0.1492-windows\bin\..
  - SystemDrive=C:
  - SystemRoot=C:\WINDOWS
  - TEMP=C:\Users\Andres\AppData\Local\Temp
  - TMP=C:\Users\Andres\AppData\Local\Temp
  - USERDOMAIN=ACT
  - USERDOMAIN_ROAMINGPROFILE=ACT
  - USERNAME=Andres
  - USERPROFILE=C:\Users\Andres
  - VBOX_MSI_INSTALL_PATH=C:\Program Files\Oracle\VirtualBox\
  - scriptdir=C:\Users\Andres\Documents\Nativapps\sonar-scanner-3.3.0.1492-windows\bin
  - use_embedded_jre=true
  - windir=C:\WINDOWS
System properties:
  - awt.toolkit=sun.awt.windows.WToolkit
  - file.encoding=Cp1252
  - file.encoding.pkg=sun.io
  - file.separator=\
  - java.awt.graphicsenv=sun.awt.Win32GraphicsEnvironment
  - java.awt.headless=true
  - java.awt.printerjob=sun.awt.windows.WPrinterJob
  - java.class.path=C:\Users\Andres\Documents\Nativapps\sonar-scanner-3.3.0.1492-windows\bin\..\lib\sonar-scanner-cli-3.3.0.1492.jar
  - java.class.version=52.0
  - java.endorsed.dirs=C:\Users\Andres\Documents\Nativapps\sonar-scanner-3.3.0.1492-windows\jre\lib\endorsed
  - java.ext.dirs=C:\Users\Andres\Documents\Nativapps\sonar-scanner-3.3.0.1492-windows\jre\lib\ext;C:\WINDOWS\Sun\Java\lib\ext
  - java.home=C:\Users\Andres\Documents\Nativapps\sonar-scanner-3.3.0.1492-windows\jre
  - java.io.tmpdir=C:\Users\Andres\AppData\Local\Temp\
  - java.library.path=C:\Users\Andres\Documents\Nativapps\sonar-scanner-3.3.0.1492-windows\jre\bin;C:\WINDOWS\Sun\Java\bin;C:\WINDOWS\system32;C:\WINDOWS;C:\Program Files (x86)\Common Files\Oracle\Java\javapath;C:\Python27\;C:\Python27\Scripts;C:\WINDOWS\system32;C:\WINDOWS;C:\WINDOWS\System32\Wbem;C:\WINDOWS\System32\WindowsPowerShell\v1.0\;C:\WINDOWS\System32\OpenSSH\;C:\ProgramData\chocolatey\bin;C:\Program Files\nodejs\;C:\Program Files\Java\jdk1.8.0_201\bin;C:\Users\Andres\AppData\Local\Temp\platform-tools;C:\Program Files\Java\jdk1.8.0_201\jre\bin;C:\Users\Andres\AppData\Local\Microsoft\WindowsApps;C:\Users\Andres\AppData\Local\Programs\Microsoft VS Code\bin;C:\Users\Andres\AppData\Roaming\npm;C:\Users\Andres\AppData\Local\Temp\tools;C:\adb;C:\Program Files\dotnet\;C:\Users\Andres\Documents\Nativapps\sonar-scanner-3.3.0.1492-windows\bin;C:\Users\Andres\AppData\Local\Microsoft\WindowsApps;C:\Users\Andres\AppData\Local\Programs\Microsoft VS Code\bin;C:\Users\Andres\AppData\Roaming\npm;C:\Users\Andres\AppData\Local\Temp\platform-tools;C:\Users\Andres\AppData\Local\Temp\tools;;.
  - java.runtime.name=Java(TM) SE Runtime Environment
  - java.runtime.version=1.8.0_121-b13
  - java.specification.name=Java Platform API Specification
  - java.specification.vendor=Oracle Corporation
  - java.specification.version=1.8
  - java.vendor=Oracle Corporation
  - java.vendor.url=http://java.oracle.com/
  - java.vendor.url.bug=http://bugreport.sun.com/bugreport/
  - java.version=1.8.0_121
  - java.vm.info=mixed mode
  - java.vm.name=Java HotSpot(TM) 64-Bit Server VM
  - java.vm.specification.name=Java Virtual Machine Specification
  - java.vm.specification.vendor=Oracle Corporation
  - java.vm.specification.version=1.8
  - java.vm.vendor=Oracle Corporation
  - java.vm.version=25.121-b13
  - line.separator=

  - os.arch=amd64
  - os.name=Windows 10
  - os.version=10.0
  - path.separator=;
  - project.home=C:\Users\Andres\Documents\Hackathon\2019\idea_la-user
  - scanner.home=C:\Users\Andres\Documents\Nativapps\sonar-scanner-3.3.0.1492-windows\bin\..
  - sun.arch.data.model=64
  - sun.boot.class.path=C:\Users\Andres\Documents\Nativapps\sonar-scanner-3.3.0.1492-windows\jre\lib\resources.jar;C:\Users\Andres\Documents\Nativapps\sonar-scanner-3.3.0.1492-windows\jre\lib\rt.jar;C:\Users\Andres\Documents\Nativapps\sonar-scanner-3.3.0.1492-windows\jre\lib\sunrsasign.jar;C:\Users\Andres\Documents\Nativapps\sonar-scanner-3.3.0.1492-windows\jre\lib\jsse.jar;C:\Users\Andres\Documents\Nativapps\sonar-scanner-3.3.0.1492-windows\jre\lib\jce.jar;C:\Users\Andres\Documents\Nativapps\sonar-scanner-3.3.0.1492-windows\jre\lib\charsets.jar;C:\Users\Andres\Documents\Nativapps\sonar-scanner-3.3.0.1492-windows\jre\lib\jfr.jar;C:\Users\Andres\Documents\Nativapps\sonar-scanner-3.3.0.1492-windows\jre\classes
  - sun.boot.library.path=C:\Users\Andres\Documents\Nativapps\sonar-scanner-3.3.0.1492-windows\jre\bin
  - sun.cpu.endian=little
  - sun.cpu.isalist=amd64
  - sun.desktop=windows
  - sun.io.unicode.encoding=UnicodeLittle
  - sun.java.command=org.sonarsource.scanner.cli.Main -X
  - sun.java.launcher=SUN_STANDARD
  - sun.jnu.encoding=Cp1252
  - sun.management.compiler=HotSpot 64-Bit Tiered Compilers
  - sun.os.patch.level=
  - sun.stderr.encoding=cp850
  - sun.stdout.encoding=cp850
  - user.country=US
  - user.dir=C:\Users\Andres\Documents\Hackathon\2019\idea_la-user
  - user.home=C:\Users\Andres
  - user.language=en
  - user.name=Andres
  - user.script=
  - user.timezone=America/Bogota
  - user.variant=
SonarQube plugins:
  - Issue resolver 1.0.2 (issueresolver)
  - Cobertura 2.0 (cobertura)
  - GitHub 1.4.2.1027 (github)
  - SonarPython 1.13.0.2922 (python)
  - Code Smells 4.0.0 (smells)
  - L10n :: Spanish Pack 1.14 (l10nes)
  - SonarCSS 1.0.3.724 (cssfamily)
  - Android 1.1 (android)
  - SonarKotlin 1.5.0.315 (kotlin)
  - ClearCase 1.1 (scmclearcase)
  - CodeCracker for C# 1.0.1 (codecrackercsharp)
  - AEM Rules for SonarQube 0.11 (aemrules)
  - SonarJS 5.1.1.7506 (javascript)
  - SonarRuby 1.5.0.315 (ruby)
  - SonarJava 5.13.0.18197 (java)
  - SonarHTML 3.0.1.1444 (web)
  - SonarXML 2.0.1.2020 (xml)
  - SonarTS 1.9.0.3766 (typescript)
  - SonarVB 7.14.0.8411 (vbnet)
Global properties:
  - sonar.core.id=AWsK3Tge8xFOlgGsgZ31
  - sonar.core.startTime=2019-06-07T15:29:06+0000
Settings for module: CCB
  - sonar.host.url=http://sonarqube.nativapps.com
  - sonar.projectBaseDir=C:\Users\Andres\Documents\Hackathon\2019\idea_la-user
  - sonar.projectKey=CCB
  - sonar.projectName=ideala
  - sonar.projectVersion=1.0
  - sonar.scanner.app=ScannerCli
  - sonar.scanner.appVersion=3.3.0.1492
  - sonar.sourceEncoding=windows-1252
  - sonar.sources=C:/Users/Andres/Documents/Hackathon/2019/idea_la-user/src
  - sonar.verbose=true
  - sonar.working.directory=C:\Users\Andres\Documents\Hackathon\2019\idea_la-user\.scannerwork
